gradleBuild/outputs/logs/manifest-merger-debug-report.txt
-- Merging decision tree log ---
manifest
ADDED from Documents\DogBreeds\AndroidManifest.xml:2:1-51:12
INJECTED from Documents\DogBreeds\AndroidManifest.xml:2:1-51:12
INJECTED from Documents\DogBreeds\AndroidManifest.xml:2:1-51:12
INJECTED from Documents\DogBreeds\AndroidManifest.xml:2:1-51:12
MERGED from [org.tensorflow:tensorflow-android:1.8.0] AndroidManifest.xml:2:1-8:12
MERGED from [androidx.legacy:legacy-support-v4:1.0.0] AndroidManifest.xml:17:1-22:12
MERGED from [androidx.media:media:1.0.0] AndroidManifest.xml:17:1-22:12
MERGED from [androidx.fragment:fragment:1.0.0] AndroidManifest.xml:17:1-22:12
MERGED from [androidx.legacy:legacy-support-core-ui:1.0.0] AndroidManifest.xml:17:1-22:12
MERGED from [androidx.legacy:legacy-support-core-utils:1.0.0] AndroidManifest.xml:17:1-22:12
MERGED from [androidx.loader:loader:1.0.0] AndroidManifest.xml:17:1-22:12
MERGED from [androidx.viewpager:viewpager:1.0.0] AndroidManifest.xml:17:1-22:12
MERGED from [androidx.coordinatorlayout:coordinatorlayout:1.0.0] AndroidManifest.xml:17:1-22:12
MERGED from [androidx.drawerlayout:drawerlayout:1.0.0] AndroidManifest.xml:17:1-22:12
MERGED from [androidx.slidingpanelayout:slidingpanelayout:1.0.0] AndroidManifest.xml:17:1-22:12
MERGED from [androidx.customview:customview:1.0.0] AndroidManifest.xml:17:1-22:12
MERGED from [androidx.swiperefreshlayout:swiperefreshlayout:1.0.0] AndroidManifest.xml:17:1-22:12
MERGED from [androidx.asynclayoutinflater:asynclayoutinflater:1.0.0] AndroidManifest.xml:17:1-22:12
MERGED from [androidx.core:core:1.0.0] AndroidManifest.xml:17:1-24:12
MERGED from [androidx.versionedparcelable:versionedparcelable:1.0.0] AndroidManifest.xml:17:1-25:12
MERGED from [androidx.lifecycle:lifecycle-runtime:2.0.0] AndroidManifest.xml:17:1-22:12
MERGED from [androidx.documentfile:documentfile:1.0.0] AndroidManifest.xml:17:1-22:12
MERGED from [androidx.localbroadcastmanager:localbroadcastmanager:1.0.0] AndroidManifest.xml:17:1-22:12
MERGED from [androidx.print:print:1.0.0] AndroidManifest.xml:17:1-22:12
MERGED from [androidx.interpolator:interpolator:1.0.0] AndroidManifest.xml:17:1-22:12
MERGED from [androidx.cursoradapter:cursoradapter:1.0.0] AndroidManifest.xml:17:1-22:12
MERGED from [androidx.lifecycle:lifecycle-viewmodel:2.0.0] AndroidManifest.xml:17:1-22:12
MERGED from [androidx.lifecycle:lifecycle-livedata:2.0.0] AndroidManifest.xml:17:1-22:12
MERGED from [androidx.lifecycle:lifecycle-livedata-core:2.0.0] AndroidManifest.xml:17:1-22:12
MERGED from [androidx.arch.core:core-runtime:2.0.0] AndroidManifest.xml:17:1-22:12
INJECTED from Documents\DogBreeds\AndroidManifest.xml:2:1-51:12
INJECTED from Documents\DogBreeds\AndroidManifest.xml:2:1-51:12
INJECTED from Documents\DogBreeds\AndroidManifest.xml:2:1-51:12
	package
		ADDED from Documents\DogBreeds\AndroidManifest.xml:4:5-34
		INJECTED from Documents\DogBreeds\AndroidManifest.xml
		INJECTED from Documents\DogBreeds\AndroidManifest.xml
	android:versionName
		INJECTED from Documents\DogBreeds\AndroidManifest.xml
		ADDED from Documents\DogBreeds\AndroidManifest.xml:2:1-51:12
		INJECTED from Documents\DogBreeds\AndroidManifest.xml
	xmlns:tools
		ADDED from Documents\DogBreeds\AndroidManifest.xml:3:5-51
	android:versionCode
		INJECTED from Documents\DogBreeds\AndroidManifest.xml
		ADDED from Documents\DogBreeds\AndroidManifest.xml:2:1-51:12
		INJECTED from Documents\DogBreeds\AndroidManifest.xml
	xmlns:android
		ADDED from Documents\DogBreeds\AndroidManifest.xml:2:11-69
uses-permission#android.permission.CAMERA
ADDED from Documents\DogBreeds\AndroidManifest.xml:6:5-65
	android:name
		ADDED from Documents\DogBreeds\AndroidManifest.xml:6:22-62
uses-permission#android.permission.READ_EXTERNAL_STORAGE
ADDED from Documents\DogBreeds\AndroidManifest.xml:7:5-80
	android:name
		ADDED from Documents\DogBreeds\AndroidManifest.xml:7:22-77
uses-permission#android.permission.WRITE_EXTERNAL_STORAGE
ADDED from Documents\DogBreeds\AndroidManifest.xml:8:5-81
	android:name
		ADDED from Documents\DogBreeds\AndroidManifest.xml:8:22-78
uses-permission#android.permission.READ_PHONE_STATE
ADDED from Documents\DogBreeds\AndroidManifest.xml:9:5-11:31
	tools:node
		ADDED from Documents\DogBreeds\AndroidManifest.xml:11:9-28
	android:name
		ADDED from Documents\DogBreeds\AndroidManifest.xml:10:9-59
uses-feature#android.hardware.camera
ADDED from Documents\DogBreeds\AndroidManifest.xml:13:5-60
	android:name
		ADDED from Documents\DogBreeds\AndroidManifest.xml:13:19-57
uses-feature#android.hardware.camera.autofocus
ADDED from Documents\DogBreeds\AndroidManifest.xml:14:5-70
	android:name
		ADDED from Documents\DogBreeds\AndroidManifest.xml:14:19-67
application
ADDED from Documents\DogBreeds\AndroidManifest.xml:16:5-49:19
MERGED from [org.tensorflow:tensorflow-android:1.8.0] AndroidManifest.xml:5:5-6:19
MERGED from [org.tensorflow:tensorflow-android:1.8.0] AndroidManifest.xml:5:5-6:19
MERGED from [androidx.core:core:1.0.0] AndroidManifest.xml:22:5-89
MERGED from [androidx.core:core:1.0.0] AndroidManifest.xml:22:5-89
MERGED from [androidx.versionedparcelable:versionedparcelable:1.0.0] AndroidManifest.xml:22:5-23:19
MERGED from [androidx.versionedparcelable:versionedparcelable:1.0.0] AndroidManifest.xml:22:5-23:19
	android:appComponentFactory
		ADDED from [androidx.core:core:1.0.0] AndroidManifest.xml:22:18-86
	android:label
		ADDED from Documents\DogBreeds\AndroidManifest.xml:19:9-45
	android:icon
		ADDED from Documents\DogBreeds\AndroidManifest.xml:18:9-34
	android:allowBackup
		ADDED from Documents\DogBreeds\AndroidManifest.xml:17:9-35
provider#androidx.core.content.FileProvider
ADDED from Documents\DogBreeds\AndroidManifest.xml:21:9-29:20
	android:grantUriPermissions
		ADDED from Documents\DogBreeds\AndroidManifest.xml:25:13-47
	android:authorities
		ADDED from Documents\DogBreeds\AndroidManifest.xml:23:13-67
	android:exported
		ADDED from Documents\DogBreeds\AndroidManifest.xml:24:13-37
	android:name
		ADDED from Documents\DogBreeds\AndroidManifest.xml:22:13-62
meta-data#android.support.FILE_PROVIDER_PATHS
ADDED from Documents\DogBreeds\AndroidManifest.xml:26:13-28:53
	android:resource
		ADDED from Documents\DogBreeds\AndroidManifest.xml:28:17-50
	android:name
		ADDED from Documents\DogBreeds\AndroidManifest.xml:27:17-67
activity#com.jstappdev.dbclf.ClassifierActivity
ADDED from Documents\DogBreeds\AndroidManifest.xml:31:9-47:20
	android:screenOrientation
		ADDED from Documents\DogBreeds\AndroidManifest.xml:34:13-49
	android:label
		ADDED from Documents\DogBreeds\AndroidManifest.xml:33:13-49
	android:name
		ADDED from Documents\DogBreeds\AndroidManifest.xml:32:13-47
intent-filter#action:name:android.intent.action.MAIN+category:name:android.intent.category.LAUNCHER
ADDED from Documents\DogBreeds\AndroidManifest.xml:35:13-39:29
action#android.intent.action.MAIN
ADDED from Documents\DogBreeds\AndroidManifest.xml:36:17-69
	android:name
		ADDED from Documents\DogBreeds\AndroidManifest.xml:36:25-66
category#android.intent.category.LAUNCHER
ADDED from Documents\DogBreeds\AndroidManifest.xml:38:17-77
	android:name
		ADDED from Documents\DogBreeds\AndroidManifest.xml:38:27-74
intent-filter#action:name:android.intent.action.SEND+category:name:android.intent.category.DEFAULT+data:mimeType:image/*
ADDED from Documents\DogBreeds\AndroidManifest.xml:40:13-46:29
action#android.intent.action.SEND
ADDED from Documents\DogBreeds\AndroidManifest.xml:41:17-69
	android:name
		ADDED from Documents\DogBreeds\AndroidManifest.xml:41:25-66
category#android.intent.category.DEFAULT
ADDED from Documents\DogBreeds\AndroidManifest.xml:43:17-76
	android:name
		ADDED from Documents\DogBreeds\AndroidManifest.xml:43:27-73
data
ADDED from Documents\DogBreeds\AndroidManifest.xml:45:17-52
	android:mimeType
		ADDED from Documents\DogBreeds\AndroidManifest.xml:45:23-49
activity#com.jstappdev.dbclf.SimpleListActivity
ADDED from Documents\DogBreeds\AndroidManifest.xml:48:9-56
	android:name
		ADDED from Documents\DogBreeds\AndroidManifest.xml:48:19-53
uses-sdk
INJECTED from Documents\DogBreeds\AndroidManifest.xml reason: use-sdk injection requested
INJECTED from Documents\DogBreeds\AndroidManifest.xml
INJECTED from Documents\DogBreeds\AndroidManifest.xml
MERGED from [androidx.legacy:legacy-support-v4:1.0.0] AndroidManifest.xml:20:5-44
MERGED from [androidx.legacy:legacy-support-v4:1.0.0] AndroidManifest.xml:20:5-44
MERGED from [androidx.media:media:1.0.0] AndroidManifest.xml:20:5-44
MERGED from [androidx.media:media:1.0.0] AndroidManifest.xml:20:5-44
MERGED from [androidx.fragment:fragment:1.0.0] AndroidManifest.xml:20:5-44
MERGED from [androidx.fragment:fragment:1.0.0] AndroidManifest.xml:20:5-44
MERGED from [androidx.legacy:legacy-support-core-ui:1.0.0] AndroidManifest.xml:20:5-44
MERGED from [androidx.legacy:legacy-support-core-ui:1.0.0] AndroidManifest.xml:20:5-44
MERGED from [androidx.legacy:legacy-support-core-utils:1.0.0] AndroidManifest.xml:20:5-44
MERGED from [androidx.legacy:legacy-support-core-utils:1.0.0] AndroidManifest.xml:20:5-44
MERGED from [androidx.loader:loader:1.0.0] AndroidManifest.xml:20:5-44
MERGED from [androidx.loader:loader:1.0.0] AndroidManifest.xml:20:5-44
MERGED from [androidx.viewpager:viewpager:1.0.0] AndroidManifest.xml:20:5-44
MERGED from [androidx.viewpager:viewpager:1.0.0] AndroidManifest.xml:20:5-44
MERGED from [androidx.coordinatorlayout:coordinatorlayout:1.0.0] AndroidManifest.xml:20:5-44
MERGED from [androidx.coordinatorlayout:coordinatorlayout:1.0.0] AndroidManifest.xml:20:5-44
MERGED from [androidx.drawerlayout:drawerlayout:1.0.0] AndroidManifest.xml:20:5-44
MERGED from [androidx.drawerlayout:drawerlayout:1.0.0] AndroidManifest.xml:20:5-44
MERGED from [androidx.slidingpanelayout:slidingpanelayout:1.0.0] AndroidManifest.xml:20:5-44
MERGED from [androidx.slidingpanelayout:slidingpanelayout:1.0.0] AndroidManifest.xml:20:5-44
MERGED from [androidx.customview:customview:1.0.0] AndroidManifest.xml:20:5-44
MERGED from [androidx.customview:customview:1.0.0] AndroidManifest.xml:20:5-44
MERGED from [androidx.swiperefreshlayout:swiperefreshlayout:1.0.0] AndroidManifest.xml:20:5-44
MERGED from [androidx.swiperefreshlayout:swiperefreshlayout:1.0.0] AndroidManifest.xml:20:5-44
MERGED from [androidx.asynclayoutinflater:asynclayoutinflater:1.0.0] AndroidManifest.xml:20:5-44
MERGED from [androidx.asynclayoutinflater:asynclayoutinflater:1.0.0] AndroidManifest.xml:20:5-44
MERGED from [androidx.core:core:1.0.0] AndroidManifest.xml:20:5-44
MERGED from [androidx.core:core:1.0.0] AndroidManifest.xml:20:5-44
MERGED from [androidx.versionedparcelable:versionedparcelable:1.0.0] AndroidManifest.xml:20:5-44
MERGED from [androidx.versionedparcelable:versionedparcelable:1.0.0] AndroidManifest.xml:20:5-44
MERGED from [androidx.lifecycle:lifecycle-runtime:2.0.0] AndroidManifest.xml:20:5-44
MERGED from [androidx.lifecycle:lifecycle-runtime:2.0.0] AndroidManifest.xml:20:5-44
MERGED from [androidx.documentfile:documentfile:1.0.0] AndroidManifest.xml:20:5-44
MERGED from [androidx.documentfile:documentfile:1.0.0] AndroidManifest.xml:20:5-44
MERGED from [androidx.localbroadcastmanager:localbroadcastmanager:1.0.0] AndroidManifest.xml:20:5-44
MERGED from [androidx.localbroadcastmanager:localbroadcastmanager:1.0.0] AndroidManifest.xml:20:5-44
MERGED from [androidx.print:print:1.0.0] AndroidManifest.xml:20:5-44
MERGED from [androidx.print:print:1.0.0] AndroidManifest.xml:20:5-44
MERGED from [androidx.interpolator:interpolator:1.0.0] AndroidManifest.xml:20:5-44
MERGED from [androidx.interpolator:interpolator:1.0.0] AndroidManifest.xml:20:5-44
MERGED from [androidx.cursoradapter:cursoradapter:1.0.0] AndroidManifest.xml:20:5-44
MERGED from [androidx.cursoradapter:cursoradapter:1.0.0] AndroidManifest.xml:20:5-44
MERGED from [androidx.lifecycle:lifecycle-viewmodel:2.0.0] AndroidManifest.xml:20:5-44
MERGED from [androidx.lifecycle:lifecycle-viewmodel:2.0.0] AndroidManifest.xml:20:5-44
MERGED from [androidx.lifecycle:lifecycle-livedata:2.0.0] AndroidManifest.xml:20:5-44
MERGED from [androidx.lifecycle:lifecycle-livedata:2.0.0] AndroidManifest.xml:20:5-44
MERGED from [androidx.lifecycle:lifecycle-livedata-core:2.0.0] AndroidManifest.xml:20:5-44
MERGED from [androidx.lifecycle:lifecycle-livedata-core:2.0.0] AndroidManifest.xml:20:5-44
MERGED from [androidx.arch.core:core-runtime:2.0.0] AndroidManifest.xml:20:5-44
MERGED from [androidx.arch.core:core-runtime:2.0.0] AndroidManifest.xml:20:5-44
INJECTED from Documents\DogBreeds\AndroidManifest.xml
INJECTED from Documents\DogBreeds\AndroidManifest.xml
	android:targetSdkVersion
		INJECTED from Documents\DogBreeds\AndroidManifest.xml
		ADDED from Documents\DogBreeds\AndroidManifest.xml
		INJECTED from Documents\DogBreeds\AndroidManifest.xml
	android:minSdkVersion
		INJECTED from Documents\DogBreeds\AndroidManifest.xml
		ADDED from Documents\DogBreeds\AndroidManifest.xml
		INJECTED from Documents\DogBreeds\AndroidManifest.xml